{"C:\\Users\\marin\\Documents\\Web\\2022\\NODE\\nodejs-homework\\controllers\\auth.js": {"path":"C:\\Users\\marin\\Documents\\Web\\2022\\NODE\\nodejs-homework\\controllers\\auth.js","statementMap":{"0":{"start":{"line":1,"column":24},"end":{"line":1,"column":46}},"1":{"start":{"line":3,"column":21},"end":{"line":21,"column":1}},"2":{"start":{"line":4,"column":2},"end":{"line":20,"column":3}},"3":{"start":{"line":5,"column":17},"end":{"line":5,"column":57}},"4":{"start":{"line":7,"column":4},"end":{"line":17,"column":7}},"5":{"start":{"line":19,"column":4},"end":{"line":19,"column":12}},"6":{"start":{"line":23,"column":18},"end":{"line":42,"column":1}},"7":{"start":{"line":24,"column":2},"end":{"line":41,"column":3}},"8":{"start":{"line":25,"column":17},"end":{"line":25,"column":54}},"9":{"start":{"line":27,"column":4},"end":{"line":38,"column":7}},"10":{"start":{"line":40,"column":4},"end":{"line":40,"column":12}},"11":{"start":{"line":44,"column":19},"end":{"line":51,"column":1}},"12":{"start":{"line":45,"column":2},"end":{"line":50,"column":3}},"13":{"start":{"line":46,"column":4},"end":{"line":46,"column":47}},"14":{"start":{"line":47,"column":4},"end":{"line":47,"column":24}},"15":{"start":{"line":49,"column":4},"end":{"line":49,"column":16}},"16":{"start":{"line":53,"column":0},"end":{"line":57,"column":2}}},"fnMap":{"0":{"name":"(anonymous_0)","decl":{"start":{"line":3,"column":21},"end":{"line":3,"column":22}},"loc":{"start":{"line":3,"column":47},"end":{"line":21,"column":1}},"line":3},"1":{"name":"(anonymous_1)","decl":{"start":{"line":23,"column":18},"end":{"line":23,"column":19}},"loc":{"start":{"line":23,"column":44},"end":{"line":42,"column":1}},"line":23},"2":{"name":"(anonymous_2)","decl":{"start":{"line":44,"column":19},"end":{"line":44,"column":20}},"loc":{"start":{"line":44,"column":45},"end":{"line":51,"column":1}},"line":44}},"branchMap":{},"s":{"0":1,"1":1,"2":2,"3":2,"4":1,"5":1,"6":1,"7":2,"8":2,"9":1,"10":1,"11":1,"12":1,"13":1,"14":1,"15":1,"16":1},"f":{"0":2,"1":2,"2":1},"b":{},"_coverageSchema":"1a1c01bbd47fc00a2c39e90264f33305004495a9","hash":"dc0e92c10b4a6a1bd1d5716e5f96b426b2b83698"}
,"C:\\Users\\marin\\Documents\\Web\\2022\\NODE\\nodejs-homework\\errors\\createError.js": {"path":"C:\\Users\\marin\\Documents\\Web\\2022\\NODE\\nodejs-homework\\errors\\createError.js","statementMap":{"0":{"start":{"line":2,"column":12},"end":{"line":2,"column":23}},"1":{"start":{"line":3,"column":2},"end":{"line":3,"column":20}},"2":{"start":{"line":4,"column":2},"end":{"line":4,"column":22}},"3":{"start":{"line":5,"column":2},"end":{"line":5,"column":11}},"4":{"start":{"line":8,"column":0},"end":{"line":8,"column":33}}},"fnMap":{"0":{"name":"createError","decl":{"start":{"line":1,"column":9},"end":{"line":1,"column":20}},"loc":{"start":{"line":1,"column":38},"end":{"line":6,"column":1}},"line":1}},"branchMap":{},"s":{"0":0,"1":0,"2":0,"3":0,"4":1},"f":{"0":0},"b":{},"_coverageSchema":"1a1c01bbd47fc00a2c39e90264f33305004495a9","hash":"c07205fe20af4fb2ee1d443f6e91026be251764f"}
,"C:\\Users\\marin\\Documents\\Web\\2022\\NODE\\nodejs-homework\\helpers\\const.js": {"path":"C:\\Users\\marin\\Documents\\Web\\2022\\NODE\\nodejs-homework\\helpers\\const.js","statementMap":{"0":{"start":{"line":1,"column":13},"end":{"line":1,"column":28}},"1":{"start":{"line":3,"column":19},"end":{"line":3,"column":52}},"2":{"start":{"line":4,"column":17},"end":{"line":4,"column":47}},"3":{"start":{"line":6,"column":0},"end":{"line":6,"column":42}}},"fnMap":{},"branchMap":{},"s":{"0":1,"1":1,"2":1,"3":1},"f":{},"b":{},"_coverageSchema":"1a1c01bbd47fc00a2c39e90264f33305004495a9","hash":"23604a9e04a0a913c7a806210667bc8e6da1ec9f"}
,"C:\\Users\\marin\\Documents\\Web\\2022\\NODE\\nodejs-homework\\helpers\\env.js": {"path":"C:\\Users\\marin\\Documents\\Web\\2022\\NODE\\nodejs-homework\\helpers\\env.js","statementMap":{"0":{"start":{"line":1,"column":0},"end":{"line":1,"column":27}},"1":{"start":{"line":2,"column":45},"end":{"line":2,"column":56}},"2":{"start":{"line":4,"column":0},"end":{"line":4,"column":47}}},"fnMap":{},"branchMap":{"0":{"loc":{"start":{"line":2,"column":8},"end":{"line":2,"column":19}},"type":"default-arg","locations":[{"start":{"line":2,"column":15},"end":{"line":2,"column":19}}],"line":2}},"s":{"0":1,"1":1,"2":1},"f":{},"b":{"0":[0]},"_coverageSchema":"1a1c01bbd47fc00a2c39e90264f33305004495a9","hash":"d0192cd7e6b7c4efd9ec8e38f7b75a8fec3f5c76"}
,"C:\\Users\\marin\\Documents\\Web\\2022\\NODE\\nodejs-homework\\models\\contact.js": {"path":"C:\\Users\\marin\\Documents\\Web\\2022\\NODE\\nodejs-homework\\models\\contact.js","statementMap":{"0":{"start":{"line":1,"column":26},"end":{"line":1,"column":45}},"1":{"start":{"line":2,"column":12},"end":{"line":2,"column":26}},"2":{"start":{"line":4,"column":15},"end":{"line":24,"column":2}},"3":{"start":{"line":25,"column":16},"end":{"line":25,"column":40}},"4":{"start":{"line":27,"column":31},"end":{"line":42,"column":2}},"5":{"start":{"line":44,"column":31},"end":{"line":58,"column":9}},"6":{"start":{"line":60,"column":30},"end":{"line":62,"column":2}},"7":{"start":{"line":64,"column":0},"end":{"line":69,"column":2}}},"fnMap":{},"branchMap":{},"s":{"0":1,"1":1,"2":1,"3":1,"4":1,"5":1,"6":1,"7":1},"f":{},"b":{},"_coverageSchema":"1a1c01bbd47fc00a2c39e90264f33305004495a9","hash":"e59d264bd9fd9c9d9ce60204cee866efa71cd1c5"}
,"C:\\Users\\marin\\Documents\\Web\\2022\\NODE\\nodejs-homework\\models\\index.js": {"path":"C:\\Users\\marin\\Documents\\Web\\2022\\NODE\\nodejs-homework\\models\\index.js","statementMap":{"0":{"start":{"line":6,"column":4},"end":{"line":6,"column":24}},"1":{"start":{"line":8,"column":57},"end":{"line":8,"column":74}},"2":{"start":{"line":10,"column":0},"end":{"line":18,"column":2}}},"fnMap":{},"branchMap":{},"s":{"0":1,"1":1,"2":1},"f":{},"b":{},"_coverageSchema":"1a1c01bbd47fc00a2c39e90264f33305004495a9","hash":"c9764a8f20a1d53b40a840ef67f7060bac2c512c"}
,"C:\\Users\\marin\\Documents\\Web\\2022\\NODE\\nodejs-homework\\models\\user.js": {"path":"C:\\Users\\marin\\Documents\\Web\\2022\\NODE\\nodejs-homework\\models\\user.js","statementMap":{"0":{"start":{"line":1,"column":26},"end":{"line":1,"column":45}},"1":{"start":{"line":2,"column":12},"end":{"line":2,"column":26}},"2":{"start":{"line":3,"column":17},"end":{"line":3,"column":36}},"3":{"start":{"line":5,"column":15},"end":{"line":30,"column":2}},"4":{"start":{"line":27,"column":6},"end":{"line":27,"column":48}},"5":{"start":{"line":31,"column":13},"end":{"line":31,"column":34}},"6":{"start":{"line":33,"column":23},"end":{"line":36,"column":2}},"7":{"start":{"line":38,"column":31},"end":{"line":40,"column":2}},"8":{"start":{"line":42,"column":0},"end":{"line":42,"column":66}}},"fnMap":{"0":{"name":"(anonymous_0)","decl":{"start":{"line":26,"column":13},"end":{"line":26,"column":14}},"loc":{"start":{"line":26,"column":25},"end":{"line":28,"column":5}},"line":26}},"branchMap":{},"s":{"0":1,"1":1,"2":1,"3":1,"4":0,"5":1,"6":1,"7":1,"8":1},"f":{"0":0},"b":{},"_coverageSchema":"1a1c01bbd47fc00a2c39e90264f33305004495a9","hash":"d0382022356b0885a6244d5f7eb44fb843b4ea78"}
,"C:\\Users\\marin\\Documents\\Web\\2022\\NODE\\nodejs-homework\\services\\auth.service.js": {"path":"C:\\Users\\marin\\Documents\\Web\\2022\\NODE\\nodejs-homework\\services\\auth.service.js","statementMap":{"0":{"start":{"line":1,"column":17},"end":{"line":1,"column":42}},"1":{"start":{"line":2,"column":24},"end":{"line":2,"column":56}},"2":{"start":{"line":3,"column":23},"end":{"line":3,"column":48}},"3":{"start":{"line":4,"column":15},"end":{"line":4,"column":32}},"4":{"start":{"line":5,"column":12},"end":{"line":5,"column":35}},"5":{"start":{"line":7,"column":21},"end":{"line":17,"column":1}},"6":{"start":{"line":8,"column":18},"end":{"line":8,"column":47}},"7":{"start":{"line":9,"column":2},"end":{"line":11,"column":3}},"8":{"start":{"line":10,"column":4},"end":{"line":10,"column":51}},"9":{"start":{"line":13,"column":25},"end":{"line":13,"column":55}},"10":{"start":{"line":15,"column":15},"end":{"line":15,"column":69}},"11":{"start":{"line":16,"column":2},"end":{"line":16,"column":14}},"12":{"start":{"line":19,"column":18},"end":{"line":39,"column":1}},"13":{"start":{"line":20,"column":15},"end":{"line":20,"column":44}},"14":{"start":{"line":21,"column":2},"end":{"line":23,"column":3}},"15":{"start":{"line":22,"column":4},"end":{"line":22,"column":57}},"16":{"start":{"line":25,"column":18},"end":{"line":25,"column":63}},"17":{"start":{"line":26,"column":2},"end":{"line":28,"column":3}},"18":{"start":{"line":27,"column":4},"end":{"line":27,"column":57}},"19":{"start":{"line":30,"column":18},"end":{"line":34,"column":3}},"20":{"start":{"line":36,"column":16},"end":{"line":36,"column":66}},"21":{"start":{"line":38,"column":2},"end":{"line":38,"column":74}},"22":{"start":{"line":41,"column":25},"end":{"line":49,"column":1}},"23":{"start":{"line":42,"column":2},"end":{"line":48,"column":3}},"24":{"start":{"line":43,"column":20},"end":{"line":43,"column":49}},"25":{"start":{"line":44,"column":19},"end":{"line":44,"column":26}},"26":{"start":{"line":45,"column":4},"end":{"line":45,"column":35}},"27":{"start":{"line":47,"column":4},"end":{"line":47,"column":16}},"28":{"start":{"line":51,"column":19},"end":{"line":53,"column":1}},"29":{"start":{"line":52,"column":2},"end":{"line":52,"column":52}},"30":{"start":{"line":55,"column":0},"end":{"line":60,"column":2}}},"fnMap":{"0":{"name":"(anonymous_0)","decl":{"start":{"line":7,"column":21},"end":{"line":7,"column":22}},"loc":{"start":{"line":7,"column":52},"end":{"line":17,"column":1}},"line":7},"1":{"name":"(anonymous_1)","decl":{"start":{"line":19,"column":18},"end":{"line":19,"column":19}},"loc":{"start":{"line":19,"column":49},"end":{"line":39,"column":1}},"line":19},"2":{"name":"(anonymous_2)","decl":{"start":{"line":41,"column":25},"end":{"line":41,"column":26}},"loc":{"start":{"line":41,"column":42},"end":{"line":49,"column":1}},"line":41},"3":{"name":"(anonymous_3)","decl":{"start":{"line":51,"column":19},"end":{"line":51,"column":20}},"loc":{"start":{"line":51,"column":33},"end":{"line":53,"column":1}},"line":51}},"branchMap":{"0":{"loc":{"start":{"line":9,"column":2},"end":{"line":11,"column":3}},"type":"if","locations":[{"start":{"line":9,"column":2},"end":{"line":11,"column":3}},{"start":{},"end":{}}],"line":9},"1":{"loc":{"start":{"line":21,"column":2},"end":{"line":23,"column":3}},"type":"if","locations":[{"start":{"line":21,"column":2},"end":{"line":23,"column":3}},{"start":{},"end":{}}],"line":21},"2":{"loc":{"start":{"line":26,"column":2},"end":{"line":28,"column":3}},"type":"if","locations":[{"start":{"line":26,"column":2},"end":{"line":28,"column":3}},{"start":{},"end":{}}],"line":26}},"s":{"0":1,"1":1,"2":1,"3":1,"4":1,"5":1,"6":0,"7":0,"8":0,"9":0,"10":0,"11":0,"12":1,"13":0,"14":0,"15":0,"16":0,"17":0,"18":0,"19":0,"20":0,"21":0,"22":1,"23":0,"24":0,"25":0,"26":0,"27":0,"28":1,"29":0,"30":1},"f":{"0":0,"1":0,"2":0,"3":0},"b":{"0":[0,0],"1":[0,0],"2":[0,0]},"_coverageSchema":"1a1c01bbd47fc00a2c39e90264f33305004495a9","hash":"0f24abf7859495ab52b9c3d2faf75f64b1410876"}
,"C:\\Users\\marin\\Documents\\Web\\2022\\NODE\\nodejs-homework\\services\\contact.service.js": {"path":"C:\\Users\\marin\\Documents\\Web\\2022\\NODE\\nodejs-homework\\services\\contact.service.js","statementMap":{"0":{"start":{"line":1,"column":24},"end":{"line":1,"column":56}},"1":{"start":{"line":2,"column":20},"end":{"line":2,"column":40}},"2":{"start":{"line":4,"column":21},"end":{"line":27,"column":1}},"3":{"start":{"line":5,"column":26},"end":{"line":5,"column":31}},"4":{"start":{"line":6,"column":27},"end":{"line":6,"column":41}},"5":{"start":{"line":8,"column":23},"end":{"line":8,"column":59}},"6":{"start":{"line":9,"column":22},"end":{"line":9,"column":56}},"7":{"start":{"line":10,"column":2},"end":{"line":12,"column":3}},"8":{"start":{"line":11,"column":4},"end":{"line":11,"column":56}},"9":{"start":{"line":14,"column":18},"end":{"line":14,"column":36}},"10":{"start":{"line":15,"column":15},"end":{"line":15,"column":40}},"11":{"start":{"line":17,"column":30},"end":{"line":17,"column":35}},"12":{"start":{"line":19,"column":2},"end":{"line":21,"column":3}},"13":{"start":{"line":20,"column":4},"end":{"line":20,"column":43}},"14":{"start":{"line":23,"column":2},"end":{"line":26,"column":4}},"15":{"start":{"line":29,"column":23},"end":{"line":31,"column":1}},"16":{"start":{"line":30,"column":2},"end":{"line":30,"column":36}},"17":{"start":{"line":33,"column":22},"end":{"line":35,"column":1}},"18":{"start":{"line":34,"column":2},"end":{"line":34,"column":61}},"19":{"start":{"line":37,"column":26},"end":{"line":39,"column":1}},"20":{"start":{"line":38,"column":2},"end":{"line":38,"column":69}},"21":{"start":{"line":41,"column":26},"end":{"line":43,"column":1}},"22":{"start":{"line":42,"column":2},"end":{"line":42,"column":45}},"23":{"start":{"line":45,"column":0},"end":{"line":51,"column":2}}},"fnMap":{"0":{"name":"(anonymous_0)","decl":{"start":{"line":4,"column":21},"end":{"line":4,"column":22}},"loc":{"start":{"line":4,"column":43},"end":{"line":27,"column":1}},"line":4},"1":{"name":"(anonymous_1)","decl":{"start":{"line":29,"column":23},"end":{"line":29,"column":24}},"loc":{"start":{"line":29,"column":37},"end":{"line":31,"column":1}},"line":29},"2":{"name":"(anonymous_2)","decl":{"start":{"line":33,"column":22},"end":{"line":33,"column":23}},"loc":{"start":{"line":33,"column":49},"end":{"line":35,"column":1}},"line":33},"3":{"name":"(anonymous_3)","decl":{"start":{"line":37,"column":26},"end":{"line":37,"column":27}},"loc":{"start":{"line":37,"column":49},"end":{"line":39,"column":1}},"line":37},"4":{"name":"(anonymous_4)","decl":{"start":{"line":41,"column":26},"end":{"line":41,"column":27}},"loc":{"start":{"line":41,"column":40},"end":{"line":43,"column":1}},"line":41}},"branchMap":{"0":{"loc":{"start":{"line":8,"column":23},"end":{"line":8,"column":59}},"type":"binary-expr","locations":[{"start":{"line":8,"column":23},"end":{"line":8,"column":42}},{"start":{"line":8,"column":46},"end":{"line":8,"column":59}}],"line":8},"1":{"loc":{"start":{"line":9,"column":22},"end":{"line":9,"column":56}},"type":"binary-expr","locations":[{"start":{"line":9,"column":22},"end":{"line":9,"column":40}},{"start":{"line":9,"column":44},"end":{"line":9,"column":56}}],"line":9},"2":{"loc":{"start":{"line":10,"column":2},"end":{"line":12,"column":3}},"type":"if","locations":[{"start":{"line":10,"column":2},"end":{"line":12,"column":3}},{"start":{},"end":{}}],"line":10},"3":{"loc":{"start":{"line":10,"column":6},"end":{"line":10,"column":35}},"type":"binary-expr","locations":[{"start":{"line":10,"column":6},"end":{"line":10,"column":19}},{"start":{"line":10,"column":23},"end":{"line":10,"column":35}}],"line":10},"4":{"loc":{"start":{"line":15,"column":15},"end":{"line":15,"column":40}},"type":"cond-expr","locations":[{"start":{"line":15,"column":29},"end":{"line":15,"column":30}},{"start":{"line":15,"column":33},"end":{"line":15,"column":40}}],"line":15},"5":{"loc":{"start":{"line":17,"column":10},"end":{"line":17,"column":25}},"type":"default-arg","locations":[{"start":{"line":17,"column":21},"end":{"line":17,"column":25}}],"line":17},"6":{"loc":{"start":{"line":19,"column":2},"end":{"line":21,"column":3}},"type":"if","locations":[{"start":{"line":19,"column":2},"end":{"line":21,"column":3}},{"start":{},"end":{}}],"line":19}},"s":{"0":1,"1":1,"2":1,"3":0,"4":0,"5":0,"6":0,"7":0,"8":0,"9":0,"10":0,"11":0,"12":0,"13":0,"14":0,"15":1,"16":0,"17":1,"18":0,"19":1,"20":0,"21":1,"22":0,"23":1},"f":{"0":0,"1":0,"2":0,"3":0,"4":0},"b":{"0":[0,0],"1":[0,0],"2":[0,0],"3":[0,0],"4":[0,0],"5":[0],"6":[0,0]},"_coverageSchema":"1a1c01bbd47fc00a2c39e90264f33305004495a9","hash":"2fb84784aef6c5d48f42330f0273d6f8ccd3c70c"}
,"C:\\Users\\marin\\Documents\\Web\\2022\\NODE\\nodejs-homework\\services\\image.service.js": {"path":"C:\\Users\\marin\\Documents\\Web\\2022\\NODE\\nodejs-homework\\services\\image.service.js","statementMap":{"0":{"start":{"line":1,"column":13},"end":{"line":1,"column":28}},"1":{"start":{"line":2,"column":13},"end":{"line":2,"column":28}},"2":{"start":{"line":3,"column":11},"end":{"line":3,"column":33}},"3":{"start":{"line":4,"column":23},"end":{"line":4,"column":50}},"4":{"start":{"line":6,"column":20},"end":{"line":20,"column":1}},"5":{"start":{"line":7,"column":20},"end":{"line":7,"column":69}},"6":{"start":{"line":9,"column":2},"end":{"line":19,"column":3}},"7":{"start":{"line":10,"column":18},"end":{"line":10,"column":44}},"8":{"start":{"line":11,"column":4},"end":{"line":11,"column":73}},"9":{"start":{"line":13,"column":4},"end":{"line":13,"column":21}},"10":{"start":{"line":15,"column":4},"end":{"line":15,"column":19}},"11":{"start":{"line":16,"column":4},"end":{"line":16,"column":12}},"12":{"start":{"line":18,"column":4},"end":{"line":18,"column":31}},"13":{"start":{"line":22,"column":0},"end":{"line":22,"column":33}}},"fnMap":{"0":{"name":"(anonymous_0)","decl":{"start":{"line":6,"column":20},"end":{"line":6,"column":21}},"loc":{"start":{"line":6,"column":40},"end":{"line":20,"column":1}},"line":6}},"branchMap":{},"s":{"0":1,"1":1,"2":1,"3":1,"4":1,"5":0,"6":0,"7":0,"8":0,"9":0,"10":0,"11":0,"12":0,"13":1},"f":{"0":0},"b":{},"_coverageSchema":"1a1c01bbd47fc00a2c39e90264f33305004495a9","hash":"b94bdba3d5e1a04310f5f970c0c7092e3dcf54dc"}
,"C:\\Users\\marin\\Documents\\Web\\2022\\NODE\\nodejs-homework\\services\\index.js": {"path":"C:\\Users\\marin\\Documents\\Web\\2022\\NODE\\nodejs-homework\\services\\index.js","statementMap":{"0":{"start":{"line":1,"column":24},"end":{"line":1,"column":52}},"1":{"start":{"line":2,"column":20},"end":{"line":2,"column":45}},"2":{"start":{"line":3,"column":21},"end":{"line":3,"column":47}},"3":{"start":{"line":4,"column":20},"end":{"line":4,"column":45}},"4":{"start":{"line":6,"column":0},"end":{"line":11,"column":2}}},"fnMap":{},"branchMap":{},"s":{"0":1,"1":1,"2":1,"3":1,"4":1},"f":{},"b":{},"_coverageSchema":"1a1c01bbd47fc00a2c39e90264f33305004495a9","hash":"5beaaa50161ff796afd50ef490766ada1a17cb50"}
,"C:\\Users\\marin\\Documents\\Web\\2022\\NODE\\nodejs-homework\\services\\user.service.js": {"path":"C:\\Users\\marin\\Documents\\Web\\2022\\NODE\\nodejs-homework\\services\\user.service.js","statementMap":{"0":{"start":{"line":1,"column":17},"end":{"line":1,"column":42}},"1":{"start":{"line":3,"column":19},"end":{"line":5,"column":1}},"2":{"start":{"line":4,"column":2},"end":{"line":4,"column":57}},"3":{"start":{"line":7,"column":27},"end":{"line":9,"column":1}},"4":{"start":{"line":8,"column":2},"end":{"line":8,"column":78}},"5":{"start":{"line":11,"column":0},"end":{"line":11,"column":52}}},"fnMap":{"0":{"name":"(anonymous_0)","decl":{"start":{"line":3,"column":19},"end":{"line":3,"column":20}},"loc":{"start":{"line":3,"column":33},"end":{"line":5,"column":1}},"line":3},"1":{"name":"(anonymous_1)","decl":{"start":{"line":7,"column":27},"end":{"line":7,"column":28}},"loc":{"start":{"line":7,"column":55},"end":{"line":9,"column":1}},"line":7}},"branchMap":{},"s":{"0":1,"1":1,"2":0,"3":1,"4":0,"5":1},"f":{"0":0,"1":0},"b":{},"_coverageSchema":"1a1c01bbd47fc00a2c39e90264f33305004495a9","hash":"d09d4f2b518bc0972b1962209fadfaee817e7164"}
}
