{"C:\\Users\\marin\\Documents\\Web\\2022\\NODE\\nodejs-homework\\controllers\\auth.js": {"path":"C:\\Users\\marin\\Documents\\Web\\2022\\NODE\\nodejs-homework\\controllers\\auth.js","statementMap":{"0":{"start":{"line":1,"column":51},"end":{"line":1,"column":73}},"1":{"start":{"line":2,"column":24},"end":{"line":2,"column":56}},"2":{"start":{"line":4,"column":21},"end":{"line":23,"column":1}},"3":{"start":{"line":5,"column":2},"end":{"line":22,"column":3}},"4":{"start":{"line":6,"column":17},"end":{"line":6,"column":57}},"5":{"start":{"line":8,"column":4},"end":{"line":8,"column":69}},"6":{"start":{"line":10,"column":4},"end":{"line":19,"column":7}},"7":{"start":{"line":21,"column":4},"end":{"line":21,"column":12}},"8":{"start":{"line":25,"column":28},"end":{"line":49,"column":1}},"9":{"start":{"line":26,"column":2},"end":{"line":48,"column":3}},"10":{"start":{"line":27,"column":34},"end":{"line":27,"column":44}},"11":{"start":{"line":28,"column":17},"end":{"line":28,"column":66}},"12":{"start":{"line":30,"column":4},"end":{"line":32,"column":5}},"13":{"start":{"line":31,"column":6},"end":{"line":31,"column":47}},"14":{"start":{"line":34,"column":4},"end":{"line":37,"column":7}},"15":{"start":{"line":39,"column":4},"end":{"line":45,"column":7}},"16":{"start":{"line":47,"column":4},"end":{"line":47,"column":16}},"17":{"start":{"line":51,"column":32},"end":{"line":75,"column":1}},"18":{"start":{"line":52,"column":2},"end":{"line":74,"column":3}},"19":{"start":{"line":53,"column":22},"end":{"line":53,"column":30}},"20":{"start":{"line":54,"column":17},"end":{"line":54,"column":54}},"21":{"start":{"line":56,"column":4},"end":{"line":58,"column":5}},"22":{"start":{"line":57,"column":6},"end":{"line":57,"column":47}},"23":{"start":{"line":59,"column":4},"end":{"line":61,"column":5}},"24":{"start":{"line":60,"column":6},"end":{"line":60,"column":69}},"25":{"start":{"line":63,"column":4},"end":{"line":63,"column":69}},"26":{"start":{"line":65,"column":4},"end":{"line":71,"column":7}},"27":{"start":{"line":73,"column":4},"end":{"line":73,"column":16}},"28":{"start":{"line":77,"column":18},"end":{"line":96,"column":1}},"29":{"start":{"line":78,"column":2},"end":{"line":95,"column":3}},"30":{"start":{"line":79,"column":17},"end":{"line":79,"column":54}},"31":{"start":{"line":81,"column":4},"end":{"line":92,"column":7}},"32":{"start":{"line":94,"column":4},"end":{"line":94,"column":12}},"33":{"start":{"line":98,"column":19},"end":{"line":105,"column":1}},"34":{"start":{"line":99,"column":2},"end":{"line":104,"column":3}},"35":{"start":{"line":100,"column":4},"end":{"line":100,"column":47}},"36":{"start":{"line":101,"column":4},"end":{"line":101,"column":24}},"37":{"start":{"line":103,"column":4},"end":{"line":103,"column":16}},"38":{"start":{"line":107,"column":0},"end":{"line":113,"column":2}}},"fnMap":{"0":{"name":"(anonymous_0)","decl":{"start":{"line":4,"column":21},"end":{"line":4,"column":22}},"loc":{"start":{"line":4,"column":47},"end":{"line":23,"column":1}},"line":4},"1":{"name":"(anonymous_1)","decl":{"start":{"line":25,"column":28},"end":{"line":25,"column":29}},"loc":{"start":{"line":25,"column":54},"end":{"line":49,"column":1}},"line":25},"2":{"name":"(anonymous_2)","decl":{"start":{"line":51,"column":32},"end":{"line":51,"column":33}},"loc":{"start":{"line":51,"column":58},"end":{"line":75,"column":1}},"line":51},"3":{"name":"(anonymous_3)","decl":{"start":{"line":77,"column":18},"end":{"line":77,"column":19}},"loc":{"start":{"line":77,"column":44},"end":{"line":96,"column":1}},"line":77},"4":{"name":"(anonymous_4)","decl":{"start":{"line":98,"column":19},"end":{"line":98,"column":20}},"loc":{"start":{"line":98,"column":45},"end":{"line":105,"column":1}},"line":98}},"branchMap":{"0":{"loc":{"start":{"line":30,"column":4},"end":{"line":32,"column":5}},"type":"if","locations":[{"start":{"line":30,"column":4},"end":{"line":32,"column":5}},{"start":{},"end":{}}],"line":30},"1":{"loc":{"start":{"line":56,"column":4},"end":{"line":58,"column":5}},"type":"if","locations":[{"start":{"line":56,"column":4},"end":{"line":58,"column":5}},{"start":{},"end":{}}],"line":56},"2":{"loc":{"start":{"line":59,"column":4},"end":{"line":61,"column":5}},"type":"if","locations":[{"start":{"line":59,"column":4},"end":{"line":61,"column":5}},{"start":{},"end":{}}],"line":59}},"s":{"0":1,"1":1,"2":1,"3":2,"4":2,"5":1,"6":1,"7":1,"8":1,"9":0,"10":0,"11":0,"12":0,"13":0,"14":0,"15":0,"16":0,"17":1,"18":0,"19":0,"20":0,"21":0,"22":0,"23":0,"24":0,"25":0,"26":0,"27":0,"28":1,"29":2,"30":2,"31":1,"32":1,"33":1,"34":1,"35":1,"36":1,"37":1,"38":1},"f":{"0":2,"1":0,"2":0,"3":2,"4":1},"b":{"0":[0,0],"1":[0,0],"2":[0,0]},"_coverageSchema":"1a1c01bbd47fc00a2c39e90264f33305004495a9","hash":"a7834280a93ee041ce0915b3fdbac822ee8eee9e"}
,"C:\\Users\\marin\\Documents\\Web\\2022\\NODE\\nodejs-homework\\errors\\createError.js": {"path":"C:\\Users\\marin\\Documents\\Web\\2022\\NODE\\nodejs-homework\\errors\\createError.js","statementMap":{"0":{"start":{"line":2,"column":12},"end":{"line":2,"column":23}},"1":{"start":{"line":3,"column":2},"end":{"line":3,"column":20}},"2":{"start":{"line":4,"column":2},"end":{"line":4,"column":22}},"3":{"start":{"line":5,"column":2},"end":{"line":5,"column":11}},"4":{"start":{"line":8,"column":0},"end":{"line":8,"column":33}}},"fnMap":{"0":{"name":"createError","decl":{"start":{"line":1,"column":9},"end":{"line":1,"column":20}},"loc":{"start":{"line":1,"column":38},"end":{"line":6,"column":1}},"line":1}},"branchMap":{},"s":{"0":0,"1":0,"2":0,"3":0,"4":1},"f":{"0":0},"b":{},"_coverageSchema":"1a1c01bbd47fc00a2c39e90264f33305004495a9","hash":"c07205fe20af4fb2ee1d443f6e91026be251764f"}
,"C:\\Users\\marin\\Documents\\Web\\2022\\NODE\\nodejs-homework\\helpers\\const.js": {"path":"C:\\Users\\marin\\Documents\\Web\\2022\\NODE\\nodejs-homework\\helpers\\const.js","statementMap":{"0":{"start":{"line":1,"column":13},"end":{"line":1,"column":28}},"1":{"start":{"line":3,"column":19},"end":{"line":3,"column":52}},"2":{"start":{"line":4,"column":17},"end":{"line":4,"column":47}},"3":{"start":{"line":6,"column":0},"end":{"line":6,"column":42}}},"fnMap":{},"branchMap":{},"s":{"0":1,"1":1,"2":1,"3":1},"f":{},"b":{},"_coverageSchema":"1a1c01bbd47fc00a2c39e90264f33305004495a9","hash":"23604a9e04a0a913c7a806210667bc8e6da1ec9f"}
,"C:\\Users\\marin\\Documents\\Web\\2022\\NODE\\nodejs-homework\\helpers\\env.js": {"path":"C:\\Users\\marin\\Documents\\Web\\2022\\NODE\\nodejs-homework\\helpers\\env.js","statementMap":{"0":{"start":{"line":1,"column":0},"end":{"line":1,"column":27}},"1":{"start":{"line":8,"column":4},"end":{"line":8,"column":15}},"2":{"start":{"line":10,"column":0},"end":{"line":10,"column":80}}},"fnMap":{},"branchMap":{"0":{"loc":{"start":{"line":3,"column":2},"end":{"line":3,"column":13}},"type":"default-arg","locations":[{"start":{"line":3,"column":9},"end":{"line":3,"column":13}}],"line":3}},"s":{"0":1,"1":1,"2":1},"f":{},"b":{"0":[0]},"_coverageSchema":"1a1c01bbd47fc00a2c39e90264f33305004495a9","hash":"7e15309aa86719b13ed7e255f9d011fb925293b9"}
,"C:\\Users\\marin\\Documents\\Web\\2022\\NODE\\nodejs-homework\\helpers\\generateVerifycationToken.js": {"path":"C:\\Users\\marin\\Documents\\Web\\2022\\NODE\\nodejs-homework\\helpers\\generateVerifycationToken.js","statementMap":{"0":{"start":{"line":1,"column":15},"end":{"line":1,"column":30}},"1":{"start":{"line":3,"column":34},"end":{"line":5,"column":1}},"2":{"start":{"line":4,"column":2},"end":{"line":4,"column":14}},"3":{"start":{"line":7,"column":0},"end":{"line":7,"column":47}}},"fnMap":{"0":{"name":"(anonymous_0)","decl":{"start":{"line":3,"column":34},"end":{"line":3,"column":35}},"loc":{"start":{"line":3,"column":40},"end":{"line":5,"column":1}},"line":3}},"branchMap":{},"s":{"0":1,"1":1,"2":0,"3":1},"f":{"0":0},"b":{},"_coverageSchema":"1a1c01bbd47fc00a2c39e90264f33305004495a9","hash":"1c4b07ae3f75ad07e5b1a34d78ca24af54e899a3"}
,"C:\\Users\\marin\\Documents\\Web\\2022\\NODE\\nodejs-homework\\models\\contact.js": {"path":"C:\\Users\\marin\\Documents\\Web\\2022\\NODE\\nodejs-homework\\models\\contact.js","statementMap":{"0":{"start":{"line":1,"column":26},"end":{"line":1,"column":45}},"1":{"start":{"line":2,"column":12},"end":{"line":2,"column":26}},"2":{"start":{"line":4,"column":15},"end":{"line":24,"column":2}},"3":{"start":{"line":25,"column":16},"end":{"line":25,"column":40}},"4":{"start":{"line":27,"column":31},"end":{"line":42,"column":2}},"5":{"start":{"line":44,"column":31},"end":{"line":58,"column":9}},"6":{"start":{"line":60,"column":30},"end":{"line":62,"column":2}},"7":{"start":{"line":64,"column":0},"end":{"line":69,"column":2}}},"fnMap":{},"branchMap":{},"s":{"0":1,"1":1,"2":1,"3":1,"4":1,"5":1,"6":1,"7":1},"f":{},"b":{},"_coverageSchema":"1a1c01bbd47fc00a2c39e90264f33305004495a9","hash":"e59d264bd9fd9c9d9ce60204cee866efa71cd1c5"}
,"C:\\Users\\marin\\Documents\\Web\\2022\\NODE\\nodejs-homework\\models\\index.js": {"path":"C:\\Users\\marin\\Documents\\Web\\2022\\NODE\\nodejs-homework\\models\\index.js","statementMap":{"0":{"start":{"line":6,"column":4},"end":{"line":6,"column":24}},"1":{"start":{"line":13,"column":4},"end":{"line":13,"column":21}},"2":{"start":{"line":15,"column":0},"end":{"line":24,"column":2}}},"fnMap":{},"branchMap":{},"s":{"0":1,"1":1,"2":1},"f":{},"b":{},"_coverageSchema":"1a1c01bbd47fc00a2c39e90264f33305004495a9","hash":"335803d158023e80457498e2571b3598ff777699"}
,"C:\\Users\\marin\\Documents\\Web\\2022\\NODE\\nodejs-homework\\models\\user.js": {"path":"C:\\Users\\marin\\Documents\\Web\\2022\\NODE\\nodejs-homework\\models\\user.js","statementMap":{"0":{"start":{"line":1,"column":26},"end":{"line":1,"column":45}},"1":{"start":{"line":2,"column":12},"end":{"line":2,"column":26}},"2":{"start":{"line":3,"column":17},"end":{"line":3,"column":36}},"3":{"start":{"line":5,"column":15},"end":{"line":38,"column":2}},"4":{"start":{"line":35,"column":6},"end":{"line":35,"column":48}},"5":{"start":{"line":39,"column":13},"end":{"line":39,"column":34}},"6":{"start":{"line":41,"column":23},"end":{"line":44,"column":2}},"7":{"start":{"line":46,"column":24},"end":{"line":48,"column":2}},"8":{"start":{"line":50,"column":31},"end":{"line":52,"column":2}},"9":{"start":{"line":54,"column":0},"end":{"line":59,"column":2}}},"fnMap":{"0":{"name":"(anonymous_0)","decl":{"start":{"line":34,"column":13},"end":{"line":34,"column":14}},"loc":{"start":{"line":34,"column":25},"end":{"line":36,"column":5}},"line":34}},"branchMap":{},"s":{"0":1,"1":1,"2":1,"3":1,"4":0,"5":1,"6":1,"7":1,"8":1,"9":1},"f":{"0":0},"b":{},"_coverageSchema":"1a1c01bbd47fc00a2c39e90264f33305004495a9","hash":"f59735d16b3e9e84d417326f3db4dabcd206e7be"}
,"C:\\Users\\marin\\Documents\\Web\\2022\\NODE\\nodejs-homework\\services\\auth.service.js": {"path":"C:\\Users\\marin\\Documents\\Web\\2022\\NODE\\nodejs-homework\\services\\auth.service.js","statementMap":{"0":{"start":{"line":1,"column":17},"end":{"line":1,"column":42}},"1":{"start":{"line":2,"column":24},"end":{"line":2,"column":56}},"2":{"start":{"line":3,"column":23},"end":{"line":3,"column":48}},"3":{"start":{"line":4,"column":15},"end":{"line":4,"column":32}},"4":{"start":{"line":5,"column":12},"end":{"line":5,"column":35}},"5":{"start":{"line":8,"column":4},"end":{"line":8,"column":51}},"6":{"start":{"line":10,"column":21},"end":{"line":26,"column":1}},"7":{"start":{"line":11,"column":18},"end":{"line":11,"column":47}},"8":{"start":{"line":12,"column":2},"end":{"line":14,"column":3}},"9":{"start":{"line":13,"column":4},"end":{"line":13,"column":51}},"10":{"start":{"line":16,"column":25},"end":{"line":16,"column":55}},"11":{"start":{"line":18,"column":28},"end":{"line":18,"column":55}},"12":{"start":{"line":19,"column":15},"end":{"line":23,"column":4}},"13":{"start":{"line":25,"column":2},"end":{"line":25,"column":14}},"14":{"start":{"line":28,"column":18},"end":{"line":53,"column":1}},"15":{"start":{"line":29,"column":15},"end":{"line":29,"column":44}},"16":{"start":{"line":31,"column":2},"end":{"line":33,"column":3}},"17":{"start":{"line":32,"column":4},"end":{"line":32,"column":66}},"18":{"start":{"line":35,"column":2},"end":{"line":37,"column":3}},"19":{"start":{"line":36,"column":4},"end":{"line":36,"column":58}},"20":{"start":{"line":39,"column":18},"end":{"line":39,"column":63}},"21":{"start":{"line":40,"column":2},"end":{"line":42,"column":3}},"22":{"start":{"line":41,"column":4},"end":{"line":41,"column":58}},"23":{"start":{"line":44,"column":18},"end":{"line":48,"column":3}},"24":{"start":{"line":50,"column":16},"end":{"line":50,"column":66}},"25":{"start":{"line":52,"column":2},"end":{"line":52,"column":74}},"26":{"start":{"line":55,"column":25},"end":{"line":63,"column":1}},"27":{"start":{"line":56,"column":2},"end":{"line":62,"column":3}},"28":{"start":{"line":57,"column":20},"end":{"line":57,"column":49}},"29":{"start":{"line":58,"column":19},"end":{"line":58,"column":26}},"30":{"start":{"line":59,"column":4},"end":{"line":59,"column":35}},"31":{"start":{"line":61,"column":4},"end":{"line":61,"column":16}},"32":{"start":{"line":65,"column":19},"end":{"line":67,"column":1}},"33":{"start":{"line":66,"column":2},"end":{"line":66,"column":52}},"34":{"start":{"line":69,"column":0},"end":{"line":74,"column":2}}},"fnMap":{"0":{"name":"(anonymous_0)","decl":{"start":{"line":10,"column":21},"end":{"line":10,"column":22}},"loc":{"start":{"line":10,"column":52},"end":{"line":26,"column":1}},"line":10},"1":{"name":"(anonymous_1)","decl":{"start":{"line":28,"column":18},"end":{"line":28,"column":19}},"loc":{"start":{"line":28,"column":49},"end":{"line":53,"column":1}},"line":28},"2":{"name":"(anonymous_2)","decl":{"start":{"line":55,"column":25},"end":{"line":55,"column":26}},"loc":{"start":{"line":55,"column":42},"end":{"line":63,"column":1}},"line":55},"3":{"name":"(anonymous_3)","decl":{"start":{"line":65,"column":19},"end":{"line":65,"column":20}},"loc":{"start":{"line":65,"column":33},"end":{"line":67,"column":1}},"line":65}},"branchMap":{"0":{"loc":{"start":{"line":12,"column":2},"end":{"line":14,"column":3}},"type":"if","locations":[{"start":{"line":12,"column":2},"end":{"line":14,"column":3}},{"start":{},"end":{}}],"line":12},"1":{"loc":{"start":{"line":31,"column":2},"end":{"line":33,"column":3}},"type":"if","locations":[{"start":{"line":31,"column":2},"end":{"line":33,"column":3}},{"start":{},"end":{}}],"line":31},"2":{"loc":{"start":{"line":31,"column":6},"end":{"line":31,"column":26}},"type":"binary-expr","locations":[{"start":{"line":31,"column":6},"end":{"line":31,"column":10}},{"start":{"line":31,"column":14},"end":{"line":31,"column":26}}],"line":31},"3":{"loc":{"start":{"line":35,"column":2},"end":{"line":37,"column":3}},"type":"if","locations":[{"start":{"line":35,"column":2},"end":{"line":37,"column":3}},{"start":{},"end":{}}],"line":35},"4":{"loc":{"start":{"line":40,"column":2},"end":{"line":42,"column":3}},"type":"if","locations":[{"start":{"line":40,"column":2},"end":{"line":42,"column":3}},{"start":{},"end":{}}],"line":40}},"s":{"0":1,"1":1,"2":1,"3":1,"4":1,"5":1,"6":1,"7":0,"8":0,"9":0,"10":0,"11":0,"12":0,"13":0,"14":1,"15":0,"16":0,"17":0,"18":0,"19":0,"20":0,"21":0,"22":0,"23":0,"24":0,"25":0,"26":1,"27":0,"28":0,"29":0,"30":0,"31":0,"32":1,"33":0,"34":1},"f":{"0":0,"1":0,"2":0,"3":0},"b":{"0":[0,0],"1":[0,0],"2":[0,0],"3":[0,0],"4":[0,0]},"_coverageSchema":"1a1c01bbd47fc00a2c39e90264f33305004495a9","hash":"2df79608a0413d44f600a69fa2773bd816b6c18f"}
,"C:\\Users\\marin\\Documents\\Web\\2022\\NODE\\nodejs-homework\\services\\contact.service.js": {"path":"C:\\Users\\marin\\Documents\\Web\\2022\\NODE\\nodejs-homework\\services\\contact.service.js","statementMap":{"0":{"start":{"line":1,"column":24},"end":{"line":1,"column":56}},"1":{"start":{"line":2,"column":20},"end":{"line":2,"column":40}},"2":{"start":{"line":4,"column":21},"end":{"line":27,"column":1}},"3":{"start":{"line":5,"column":26},"end":{"line":5,"column":31}},"4":{"start":{"line":6,"column":27},"end":{"line":6,"column":41}},"5":{"start":{"line":8,"column":23},"end":{"line":8,"column":59}},"6":{"start":{"line":9,"column":22},"end":{"line":9,"column":56}},"7":{"start":{"line":10,"column":2},"end":{"line":12,"column":3}},"8":{"start":{"line":11,"column":4},"end":{"line":11,"column":56}},"9":{"start":{"line":14,"column":18},"end":{"line":14,"column":36}},"10":{"start":{"line":15,"column":15},"end":{"line":15,"column":40}},"11":{"start":{"line":17,"column":30},"end":{"line":17,"column":35}},"12":{"start":{"line":19,"column":2},"end":{"line":21,"column":3}},"13":{"start":{"line":20,"column":4},"end":{"line":20,"column":43}},"14":{"start":{"line":23,"column":2},"end":{"line":26,"column":4}},"15":{"start":{"line":29,"column":23},"end":{"line":31,"column":1}},"16":{"start":{"line":30,"column":2},"end":{"line":30,"column":36}},"17":{"start":{"line":33,"column":22},"end":{"line":35,"column":1}},"18":{"start":{"line":34,"column":2},"end":{"line":34,"column":61}},"19":{"start":{"line":37,"column":26},"end":{"line":39,"column":1}},"20":{"start":{"line":38,"column":2},"end":{"line":38,"column":69}},"21":{"start":{"line":41,"column":26},"end":{"line":43,"column":1}},"22":{"start":{"line":42,"column":2},"end":{"line":42,"column":45}},"23":{"start":{"line":45,"column":0},"end":{"line":51,"column":2}}},"fnMap":{"0":{"name":"(anonymous_0)","decl":{"start":{"line":4,"column":21},"end":{"line":4,"column":22}},"loc":{"start":{"line":4,"column":43},"end":{"line":27,"column":1}},"line":4},"1":{"name":"(anonymous_1)","decl":{"start":{"line":29,"column":23},"end":{"line":29,"column":24}},"loc":{"start":{"line":29,"column":37},"end":{"line":31,"column":1}},"line":29},"2":{"name":"(anonymous_2)","decl":{"start":{"line":33,"column":22},"end":{"line":33,"column":23}},"loc":{"start":{"line":33,"column":49},"end":{"line":35,"column":1}},"line":33},"3":{"name":"(anonymous_3)","decl":{"start":{"line":37,"column":26},"end":{"line":37,"column":27}},"loc":{"start":{"line":37,"column":49},"end":{"line":39,"column":1}},"line":37},"4":{"name":"(anonymous_4)","decl":{"start":{"line":41,"column":26},"end":{"line":41,"column":27}},"loc":{"start":{"line":41,"column":40},"end":{"line":43,"column":1}},"line":41}},"branchMap":{"0":{"loc":{"start":{"line":8,"column":23},"end":{"line":8,"column":59}},"type":"binary-expr","locations":[{"start":{"line":8,"column":23},"end":{"line":8,"column":42}},{"start":{"line":8,"column":46},"end":{"line":8,"column":59}}],"line":8},"1":{"loc":{"start":{"line":9,"column":22},"end":{"line":9,"column":56}},"type":"binary-expr","locations":[{"start":{"line":9,"column":22},"end":{"line":9,"column":40}},{"start":{"line":9,"column":44},"end":{"line":9,"column":56}}],"line":9},"2":{"loc":{"start":{"line":10,"column":2},"end":{"line":12,"column":3}},"type":"if","locations":[{"start":{"line":10,"column":2},"end":{"line":12,"column":3}},{"start":{},"end":{}}],"line":10},"3":{"loc":{"start":{"line":10,"column":6},"end":{"line":10,"column":35}},"type":"binary-expr","locations":[{"start":{"line":10,"column":6},"end":{"line":10,"column":19}},{"start":{"line":10,"column":23},"end":{"line":10,"column":35}}],"line":10},"4":{"loc":{"start":{"line":15,"column":15},"end":{"line":15,"column":40}},"type":"cond-expr","locations":[{"start":{"line":15,"column":29},"end":{"line":15,"column":30}},{"start":{"line":15,"column":33},"end":{"line":15,"column":40}}],"line":15},"5":{"loc":{"start":{"line":17,"column":10},"end":{"line":17,"column":25}},"type":"default-arg","locations":[{"start":{"line":17,"column":21},"end":{"line":17,"column":25}}],"line":17},"6":{"loc":{"start":{"line":19,"column":2},"end":{"line":21,"column":3}},"type":"if","locations":[{"start":{"line":19,"column":2},"end":{"line":21,"column":3}},{"start":{},"end":{}}],"line":19}},"s":{"0":1,"1":1,"2":1,"3":0,"4":0,"5":0,"6":0,"7":0,"8":0,"9":0,"10":0,"11":0,"12":0,"13":0,"14":0,"15":1,"16":0,"17":1,"18":0,"19":1,"20":0,"21":1,"22":0,"23":1},"f":{"0":0,"1":0,"2":0,"3":0,"4":0},"b":{"0":[0,0],"1":[0,0],"2":[0,0],"3":[0,0],"4":[0,0],"5":[0],"6":[0,0]},"_coverageSchema":"1a1c01bbd47fc00a2c39e90264f33305004495a9","hash":"2fb84784aef6c5d48f42330f0273d6f8ccd3c70c"}
,"C:\\Users\\marin\\Documents\\Web\\2022\\NODE\\nodejs-homework\\services\\email.service.js": {"path":"C:\\Users\\marin\\Documents\\Web\\2022\\NODE\\nodejs-homework\\services\\email.service.js","statementMap":{"0":{"start":{"line":1,"column":19},"end":{"line":1,"column":40}},"1":{"start":{"line":2,"column":50},"end":{"line":2,"column":75}},"2":{"start":{"line":4,"column":17},"end":{"line":4,"column":36}},"3":{"start":{"line":6,"column":20},"end":{"line":12,"column":2}},"4":{"start":{"line":14,"column":18},"end":{"line":32,"column":1}},"5":{"start":{"line":15,"column":15},"end":{"line":15,"column":56}},"6":{"start":{"line":17,"column":2},"end":{"line":31,"column":3}},"7":{"start":{"line":18,"column":20},"end":{"line":24,"column":5}},"8":{"start":{"line":26,"column":17},"end":{"line":26,"column":52}},"9":{"start":{"line":28,"column":4},"end":{"line":28,"column":52}},"10":{"start":{"line":30,"column":4},"end":{"line":30,"column":32}},"11":{"start":{"line":34,"column":0},"end":{"line":34,"column":31}}},"fnMap":{"0":{"name":"(anonymous_0)","decl":{"start":{"line":14,"column":18},"end":{"line":14,"column":19}},"loc":{"start":{"line":14,"column":52},"end":{"line":32,"column":1}},"line":14}},"branchMap":{},"s":{"0":1,"1":1,"2":1,"3":1,"4":1,"5":0,"6":0,"7":0,"8":0,"9":0,"10":0,"11":1},"f":{"0":0},"b":{},"_coverageSchema":"1a1c01bbd47fc00a2c39e90264f33305004495a9","hash":"3d2c2846d4d9d751293759ee2e082c3043adeab5"}
,"C:\\Users\\marin\\Documents\\Web\\2022\\NODE\\nodejs-homework\\services\\image.service.js": {"path":"C:\\Users\\marin\\Documents\\Web\\2022\\NODE\\nodejs-homework\\services\\image.service.js","statementMap":{"0":{"start":{"line":1,"column":13},"end":{"line":1,"column":28}},"1":{"start":{"line":2,"column":13},"end":{"line":2,"column":28}},"2":{"start":{"line":3,"column":11},"end":{"line":3,"column":33}},"3":{"start":{"line":4,"column":23},"end":{"line":4,"column":50}},"4":{"start":{"line":6,"column":20},"end":{"line":20,"column":1}},"5":{"start":{"line":7,"column":20},"end":{"line":7,"column":69}},"6":{"start":{"line":9,"column":2},"end":{"line":19,"column":3}},"7":{"start":{"line":10,"column":18},"end":{"line":10,"column":44}},"8":{"start":{"line":11,"column":4},"end":{"line":11,"column":73}},"9":{"start":{"line":13,"column":4},"end":{"line":13,"column":21}},"10":{"start":{"line":15,"column":4},"end":{"line":15,"column":19}},"11":{"start":{"line":16,"column":4},"end":{"line":16,"column":12}},"12":{"start":{"line":18,"column":4},"end":{"line":18,"column":31}},"13":{"start":{"line":22,"column":0},"end":{"line":22,"column":33}}},"fnMap":{"0":{"name":"(anonymous_0)","decl":{"start":{"line":6,"column":20},"end":{"line":6,"column":21}},"loc":{"start":{"line":6,"column":40},"end":{"line":20,"column":1}},"line":6}},"branchMap":{},"s":{"0":1,"1":1,"2":1,"3":1,"4":1,"5":0,"6":0,"7":0,"8":0,"9":0,"10":0,"11":0,"12":0,"13":1},"f":{"0":0},"b":{},"_coverageSchema":"1a1c01bbd47fc00a2c39e90264f33305004495a9","hash":"b94bdba3d5e1a04310f5f970c0c7092e3dcf54dc"}
,"C:\\Users\\marin\\Documents\\Web\\2022\\NODE\\nodejs-homework\\services\\index.js": {"path":"C:\\Users\\marin\\Documents\\Web\\2022\\NODE\\nodejs-homework\\services\\index.js","statementMap":{"0":{"start":{"line":1,"column":24},"end":{"line":1,"column":52}},"1":{"start":{"line":2,"column":20},"end":{"line":2,"column":45}},"2":{"start":{"line":3,"column":21},"end":{"line":3,"column":47}},"3":{"start":{"line":4,"column":20},"end":{"line":4,"column":45}},"4":{"start":{"line":5,"column":21},"end":{"line":5,"column":47}},"5":{"start":{"line":7,"column":0},"end":{"line":13,"column":2}}},"fnMap":{},"branchMap":{},"s":{"0":1,"1":1,"2":1,"3":1,"4":1,"5":1},"f":{},"b":{},"_coverageSchema":"1a1c01bbd47fc00a2c39e90264f33305004495a9","hash":"2f65d10e2fe309fc7328ae4d2a4fd79d6f3c94d3"}
,"C:\\Users\\marin\\Documents\\Web\\2022\\NODE\\nodejs-homework\\services\\user.service.js": {"path":"C:\\Users\\marin\\Documents\\Web\\2022\\NODE\\nodejs-homework\\services\\user.service.js","statementMap":{"0":{"start":{"line":1,"column":17},"end":{"line":1,"column":42}},"1":{"start":{"line":3,"column":19},"end":{"line":5,"column":1}},"2":{"start":{"line":4,"column":2},"end":{"line":4,"column":63}},"3":{"start":{"line":7,"column":17},"end":{"line":9,"column":1}},"4":{"start":{"line":8,"column":2},"end":{"line":8,"column":37}},"5":{"start":{"line":11,"column":0},"end":{"line":11,"column":42}}},"fnMap":{"0":{"name":"(anonymous_0)","decl":{"start":{"line":3,"column":19},"end":{"line":3,"column":20}},"loc":{"start":{"line":3,"column":39},"end":{"line":5,"column":1}},"line":3},"1":{"name":"(anonymous_1)","decl":{"start":{"line":7,"column":17},"end":{"line":7,"column":18}},"loc":{"start":{"line":7,"column":36},"end":{"line":9,"column":1}},"line":7}},"branchMap":{},"s":{"0":1,"1":1,"2":0,"3":1,"4":0,"5":1},"f":{"0":0,"1":0},"b":{},"_coverageSchema":"1a1c01bbd47fc00a2c39e90264f33305004495a9","hash":"259730c5df51e29b81f27845b8f33159f4fa2d64"}
}
