TN:
SF:controllers\auth.js
FN:4,(anonymous_0)
FN:25,(anonymous_1)
FN:51,(anonymous_2)
FN:77,(anonymous_3)
FN:98,(anonymous_4)
FNF:5
FNH:3
FNDA:2,(anonymous_0)
FNDA:0,(anonymous_1)
FNDA:0,(anonymous_2)
FNDA:2,(anonymous_3)
FNDA:1,(anonymous_4)
DA:1,1
DA:2,1
DA:4,1
DA:5,2
DA:6,2
DA:8,1
DA:10,1
DA:21,1
DA:25,1
DA:26,0
DA:27,0
DA:28,0
DA:30,0
DA:31,0
DA:34,0
DA:39,0
DA:47,0
DA:51,1
DA:52,0
DA:53,0
DA:54,0
DA:56,0
DA:57,0
DA:59,0
DA:60,0
DA:63,0
DA:65,0
DA:73,0
DA:77,1
DA:78,2
DA:79,2
DA:81,1
DA:94,1
DA:98,1
DA:99,1
DA:100,1
DA:101,1
DA:103,1
DA:107,1
LF:39
LH:21
BRDA:30,0,0,0
BRDA:30,0,1,0
BRDA:56,1,0,0
BRDA:56,1,1,0
BRDA:59,2,0,0
BRDA:59,2,1,0
BRF:6
BRH:0
end_of_record
TN:
SF:errors\createError.js
FN:1,createError
FNF:1
FNH:0
FNDA:0,createError
DA:2,0
DA:3,0
DA:4,0
DA:5,0
DA:8,1
LF:5
LH:1
BRF:0
BRH:0
end_of_record
TN:
SF:helpers\const.js
FNF:0
FNH:0
DA:1,1
DA:3,1
DA:4,1
DA:6,1
LF:4
LH:4
BRF:0
BRH:0
end_of_record
TN:
SF:helpers\env.js
FNF:0
FNH:0
DA:1,1
DA:8,1
DA:10,1
LF:3
LH:3
BRDA:3,0,0,0
BRF:1
BRH:0
end_of_record
TN:
SF:helpers\generateVerifycationToken.js
FN:3,(anonymous_0)
FNF:1
FNH:0
FNDA:0,(anonymous_0)
DA:1,1
DA:3,1
DA:4,0
DA:7,1
LF:4
LH:3
BRF:0
BRH:0
end_of_record
TN:
SF:models\contact.js
FNF:0
FNH:0
DA:1,1
DA:2,1
DA:4,1
DA:25,1
DA:27,1
DA:44,1
DA:60,1
DA:64,1
LF:8
LH:8
BRF:0
BRH:0
end_of_record
TN:
SF:models\index.js
FNF:0
FNH:0
DA:6,1
DA:13,1
DA:15,1
LF:3
LH:3
BRF:0
BRH:0
end_of_record
TN:
SF:models\user.js
FN:34,(anonymous_0)
FNF:1
FNH:0
FNDA:0,(anonymous_0)
DA:1,1
DA:2,1
DA:3,1
DA:5,1
DA:35,0
DA:39,1
DA:41,1
DA:46,1
DA:50,1
DA:54,1
LF:10
LH:9
BRF:0
BRH:0
end_of_record
TN:
SF:services\auth.service.js
FN:10,(anonymous_0)
FN:28,(anonymous_1)
FN:55,(anonymous_2)
FN:65,(anonymous_3)
FNF:4
FNH:0
FNDA:0,(anonymous_0)
FNDA:0,(anonymous_1)
FNDA:0,(anonymous_2)
FNDA:0,(anonymous_3)
DA:1,1
DA:2,1
DA:3,1
DA:4,1
DA:5,1
DA:8,1
DA:10,1
DA:11,0
DA:12,0
DA:13,0
DA:16,0
DA:18,0
DA:19,0
DA:25,0
DA:28,1
DA:29,0
DA:31,0
DA:32,0
DA:35,0
DA:36,0
DA:39,0
DA:40,0
DA:41,0
DA:44,0
DA:50,0
DA:52,0
DA:55,1
DA:56,0
DA:57,0
DA:58,0
DA:59,0
DA:61,0
DA:65,1
DA:66,0
DA:69,1
LF:35
LH:11
BRDA:12,0,0,0
BRDA:12,0,1,0
BRDA:31,1,0,0
BRDA:31,1,1,0
BRDA:31,2,0,0
BRDA:31,2,1,0
BRDA:35,3,0,0
BRDA:35,3,1,0
BRDA:40,4,0,0
BRDA:40,4,1,0
BRF:10
BRH:0
end_of_record
TN:
SF:services\contact.service.js
FN:4,(anonymous_0)
FN:29,(anonymous_1)
FN:33,(anonymous_2)
FN:37,(anonymous_3)
FN:41,(anonymous_4)
FNF:5
FNH:0
FNDA:0,(anonymous_0)
FNDA:0,(anonymous_1)
FNDA:0,(anonymous_2)
FNDA:0,(anonymous_3)
FNDA:0,(anonymous_4)
DA:1,1
DA:2,1
DA:4,1
DA:5,0
DA:6,0
DA:8,0
DA:9,0
DA:10,0
DA:11,0
DA:14,0
DA:15,0
DA:17,0
DA:19,0
DA:20,0
DA:23,0
DA:29,1
DA:30,0
DA:33,1
DA:34,0
DA:37,1
DA:38,0
DA:41,1
DA:42,0
DA:45,1
LF:24
LH:8
BRDA:8,0,0,0
BRDA:8,0,1,0
BRDA:9,1,0,0
BRDA:9,1,1,0
BRDA:10,2,0,0
BRDA:10,2,1,0
BRDA:10,3,0,0
BRDA:10,3,1,0
BRDA:15,4,0,0
BRDA:15,4,1,0
BRDA:17,5,0,0
BRDA:19,6,0,0
BRDA:19,6,1,0
BRF:13
BRH:0
end_of_record
TN:
SF:services\email.service.js
FN:14,(anonymous_0)
FNF:1
FNH:0
FNDA:0,(anonymous_0)
DA:1,1
DA:2,1
DA:4,1
DA:6,1
DA:14,1
DA:15,0
DA:17,0
DA:18,0
DA:26,0
DA:28,0
DA:30,0
DA:34,1
LF:12
LH:6
BRF:0
BRH:0
end_of_record
TN:
SF:services\image.service.js
FN:6,(anonymous_0)
FNF:1
FNH:0
FNDA:0,(anonymous_0)
DA:1,1
DA:2,1
DA:3,1
DA:4,1
DA:6,1
DA:7,0
DA:9,0
DA:10,0
DA:11,0
DA:13,0
DA:15,0
DA:16,0
DA:18,0
DA:22,1
LF:14
LH:6
BRF:0
BRH:0
end_of_record
TN:
SF:services\index.js
FNF:0
FNH:0
DA:1,1
DA:2,1
DA:3,1
DA:4,1
DA:5,1
DA:7,1
LF:6
LH:6
BRF:0
BRH:0
end_of_record
TN:
SF:services\user.service.js
FN:3,(anonymous_0)
FN:7,(anonymous_1)
FNF:2
FNH:0
FNDA:0,(anonymous_0)
FNDA:0,(anonymous_1)
DA:1,1
DA:3,1
DA:4,0
DA:7,1
DA:8,0
DA:11,1
LF:6
LH:4
BRF:0
BRH:0
end_of_record
